<?xml version="1.0" encoding="UTF-8"?>
<testng-results ignored="0" total="1" passed="1" failed="0" skipped="0">
  <reporter-output>
  </reporter-output>
  <suite started-at="2024-04-09T10:47:23Z" name="Default suite" finished-at="2024-04-09T10:47:24Z" duration-ms="542">
    <groups>
    </groups>
    <test started-at="2024-04-09T10:47:23Z" name="Default test" finished-at="2024-04-09T10:47:24Z" duration-ms="542">
      <class name="org.DataDriven.DatadrivenDate">
        <test-method signature="dateUsing()[pri:0, instance:org.DataDriven.DatadrivenDate@17d88132]" started-at="2024-04-09T10:47:23Z" name="dateUsing" finished-at="2024-04-09T10:47:24Z" duration-ms="520" status="PASS">
          <reporter-output>
          </reporter-output>
        </test-method> <!-- dateUsing -->
      </class> <!-- org.DataDriven.DatadrivenDate -->
    </test> <!-- Default test -->
  </suite> <!-- Default suite -->
</testng-results>
